<?xml version="1.0" encoding="UTF-8"?>
<testsuite xmlns:xsi="http://www.w3.org/2001/XMLSchema-instance" xsi:noNamespaceSchemaLocation="https://maven.apache.org/surefire/maven-surefire-plugin/xsd/surefire-test-report.xsd" name="com.louis.AppTest" time="0.029" tests="1" errors="0" skipped="0" failures="0">
  <properties>
    <property name="sun.desktop" value="windows"/>
    <property name="awt.toolkit" value="sun.awt.windows.WToolkit"/>
    <property name="file.encoding.pkg" value="sun.io"/>
    <property name="java.specification.version" value="1.8"/>
    <property name="sun.cpu.isalist" value="amd64"/>
    <property name="sun.jnu.encoding" value="GBK"/>
    <property name="java.class.path" value="C:\Users\Administrator\Desktop\SpringBoot+SpringCloud+Vue+Element\mango-core\target\test-classes;C:\Users\Administrator\Desktop\SpringBoot+SpringCloud+Vue+Element\mango-core\target\classes;C:\Users\Administrator\Desktop\SpringBoot+SpringCloud+Vue+Element\mango-common\target\mango-common-1.0.0.jar;D:\apache-maven-3.5.2\local\org\apache\poi\poi-ooxml\3.14\poi-ooxml-3.14.jar;D:\apache-maven-3.5.2\local\org\apache\poi\poi\3.14\poi-3.14.jar;D:\apache-maven-3.5.2\local\commons-codec\commons-codec\1.10\commons-codec-1.10.jar;D:\apache-maven-3.5.2\local\org\apache\poi\poi-ooxml-schemas\3.14\poi-ooxml-schemas-3.14.jar;D:\apache-maven-3.5.2\local\org\apache\xmlbeans\xmlbeans\2.6.0\xmlbeans-2.6.0.jar;D:\apache-maven-3.5.2\local\stax\stax-api\1.0.1\stax-api-1.0.1.jar;D:\apache-maven-3.5.2\local\com\github\virtuald\curvesapi\1.03\curvesapi-1.03.jar;D:\apache-maven-3.5.2\local\javax\servlet\javax.servlet-api\3.1.0\javax.servlet-api-3.1.0.jar;D:\apache-maven-3.5.2\local\junit\junit\4.11\junit-4.11.jar;D:\apache-maven-3.5.2\local\org\hamcrest\hamcrest-core\1.3\hamcrest-core-1.3.jar;D:\apache-maven-3.5.2\local\com\github\pagehelper\pagehelper\5.1.8\pagehelper-5.1.8.jar;D:\apache-maven-3.5.2\local\com\github\jsqlparser\jsqlparser\1.2\jsqlparser-1.2.jar;D:\apache-maven-3.5.2\local\org\springframework\spring-core\5.1.2.RELEASE\spring-core-5.1.2.RELEASE.jar;D:\apache-maven-3.5.2\local\org\springframework\spring-jcl\5.1.2.RELEASE\spring-jcl-5.1.2.RELEASE.jar;D:\apache-maven-3.5.2\local\org\springframework\spring-web\5.1.2.RELEASE\spring-web-5.1.2.RELEASE.jar;D:\apache-maven-3.5.2\local\org\springframework\spring-beans\5.1.2.RELEASE\spring-beans-5.1.2.RELEASE.jar;D:\apache-maven-3.5.2\local\com\github\pagehelper\pagehelper-spring-boot-starter\1.2.10\pagehelper-spring-boot-starter-1.2.10.jar;D:\apache-maven-3.5.2\local\org\springframework\boot\spring-boot-starter\2.0.1.RELEASE\spring-boot-starter-2.0.1.RELEASE.jar;D:\apache-maven-3.5.2\local\org\springframework\boot\spring-boot\2.0.1.RELEASE\spring-boot-2.0.1.RELEASE.jar;D:\apache-maven-3.5.2\local\org\springframework\spring-context\5.0.5.RELEASE\spring-context-5.0.5.RELEASE.jar;D:\apache-maven-3.5.2\local\org\springframework\spring-aop\5.0.5.RELEASE\spring-aop-5.0.5.RELEASE.jar;D:\apache-maven-3.5.2\local\org\springframework\spring-expression\5.0.5.RELEASE\spring-expression-5.0.5.RELEASE.jar;D:\apache-maven-3.5.2\local\org\springframework\boot\spring-boot-autoconfigure\2.0.1.RELEASE\spring-boot-autoconfigure-2.0.1.RELEASE.jar;D:\apache-maven-3.5.2\local\org\springframework\boot\spring-boot-starter-logging\2.0.1.RELEASE\spring-boot-starter-logging-2.0.1.RELEASE.jar;D:\apache-maven-3.5.2\local\ch\qos\logback\logback-classic\1.2.3\logback-classic-1.2.3.jar;D:\apache-maven-3.5.2\local\ch\qos\logback\logback-core\1.2.3\logback-core-1.2.3.jar;D:\apache-maven-3.5.2\local\org\slf4j\slf4j-api\1.7.25\slf4j-api-1.7.25.jar;D:\apache-maven-3.5.2\local\org\apache\logging\log4j\log4j-to-slf4j\2.10.0\log4j-to-slf4j-2.10.0.jar;D:\apache-maven-3.5.2\local\org\apache\logging\log4j\log4j-api\2.10.0\log4j-api-2.10.0.jar;D:\apache-maven-3.5.2\local\org\slf4j\jul-to-slf4j\1.7.25\jul-to-slf4j-1.7.25.jar;D:\apache-maven-3.5.2\local\javax\annotation\javax.annotation-api\1.3.2\javax.annotation-api-1.3.2.jar;D:\apache-maven-3.5.2\local\org\yaml\snakeyaml\1.19\snakeyaml-1.19.jar;D:\apache-maven-3.5.2\local\org\mybatis\spring\boot\mybatis-spring-boot-starter\1.3.2\mybatis-spring-boot-starter-1.3.2.jar;D:\apache-maven-3.5.2\local\org\springframework\boot\spring-boot-starter-jdbc\1.5.10.RELEASE\spring-boot-starter-jdbc-1.5.10.RELEASE.jar;D:\apache-maven-3.5.2\local\org\apache\tomcat\tomcat-jdbc\8.5.27\tomcat-jdbc-8.5.27.jar;D:\apache-maven-3.5.2\local\org\apache\tomcat\tomcat-juli\8.5.27\tomcat-juli-8.5.27.jar;D:\apache-maven-3.5.2\local\org\springframework\spring-jdbc\4.3.14.RELEASE\spring-jdbc-4.3.14.RELEASE.jar;D:\apache-maven-3.5.2\local\org\springframework\spring-tx\4.3.14.RELEASE\spring-tx-4.3.14.RELEASE.jar;D:\apache-maven-3.5.2\local\org\mybatis\spring\boot\mybatis-spring-boot-autoconfigure\1.3.2\mybatis-spring-boot-autoconfigure-1.3.2.jar;D:\apache-maven-3.5.2\local\org\mybatis\mybatis\3.4.6\mybatis-3.4.6.jar;D:\apache-maven-3.5.2\local\org\mybatis\mybatis-spring\1.3.2\mybatis-spring-1.3.2.jar;D:\apache-maven-3.5.2\local\com\github\pagehelper\pagehelper-spring-boot-autoconfigure\1.2.10\pagehelper-spring-boot-autoconfigure-1.2.10.jar;"/>
    <property name="java.vm.vendor" value="Oracle Corporation"/>
    <property name="sun.arch.data.model" value="64"/>
    <property name="user.variant" value=""/>
    <property name="java.vendor.url" value="http://java.oracle.com/"/>
    <property name="user.timezone" value="Asia/Shanghai"/>
    <property name="java.vm.specification.version" value="1.8"/>
    <property name="os.name" value="Windows 7"/>
    <property name="user.country" value="CN"/>
    <property name="sun.java.launcher" value="SUN_STANDARD"/>
    <property name="sun.boot.library.path" value="C:\Program Files\Java\jdk1.8.0_131\jre\bin"/>
    <property name="sun.java.command" value="C:\Users\ADMINI~1\AppData\Local\Temp\surefire4323059154292114008\surefirebooter1971769605037081450.jar C:\Users\Administrator\AppData\Local\Temp\surefire4323059154292114008 2019-09-23T19-04-58_649-jvmRun1 surefire6684716008122160422tmp surefire_07988116040728475770tmp"/>
    <property name="surefire.test.class.path" value="C:\Users\Administrator\Desktop\SpringBoot+SpringCloud+Vue+Element\mango-core\target\test-classes;C:\Users\Administrator\Desktop\SpringBoot+SpringCloud+Vue+Element\mango-core\target\classes;C:\Users\Administrator\Desktop\SpringBoot+SpringCloud+Vue+Element\mango-common\target\mango-common-1.0.0.jar;D:\apache-maven-3.5.2\local\org\apache\poi\poi-ooxml\3.14\poi-ooxml-3.14.jar;D:\apache-maven-3.5.2\local\org\apache\poi\poi\3.14\poi-3.14.jar;D:\apache-maven-3.5.2\local\commons-codec\commons-codec\1.10\commons-codec-1.10.jar;D:\apache-maven-3.5.2\local\org\apache\poi\poi-ooxml-schemas\3.14\poi-ooxml-schemas-3.14.jar;D:\apache-maven-3.5.2\local\org\apache\xmlbeans\xmlbeans\2.6.0\xmlbeans-2.6.0.jar;D:\apache-maven-3.5.2\local\stax\stax-api\1.0.1\stax-api-1.0.1.jar;D:\apache-maven-3.5.2\local\com\github\virtuald\curvesapi\1.03\curvesapi-1.03.jar;D:\apache-maven-3.5.2\local\javax\servlet\javax.servlet-api\3.1.0\javax.servlet-api-3.1.0.jar;D:\apache-maven-3.5.2\local\junit\junit\4.11\junit-4.11.jar;D:\apache-maven-3.5.2\local\org\hamcrest\hamcrest-core\1.3\hamcrest-core-1.3.jar;D:\apache-maven-3.5.2\local\com\github\pagehelper\pagehelper\5.1.8\pagehelper-5.1.8.jar;D:\apache-maven-3.5.2\local\com\github\jsqlparser\jsqlparser\1.2\jsqlparser-1.2.jar;D:\apache-maven-3.5.2\local\org\springframework\spring-core\5.1.2.RELEASE\spring-core-5.1.2.RELEASE.jar;D:\apache-maven-3.5.2\local\org\springframework\spring-jcl\5.1.2.RELEASE\spring-jcl-5.1.2.RELEASE.jar;D:\apache-maven-3.5.2\local\org\springframework\spring-web\5.1.2.RELEASE\spring-web-5.1.2.RELEASE.jar;D:\apache-maven-3.5.2\local\org\springframework\spring-beans\5.1.2.RELEASE\spring-beans-5.1.2.RELEASE.jar;D:\apache-maven-3.5.2\local\com\github\pagehelper\pagehelper-spring-boot-starter\1.2.10\pagehelper-spring-boot-starter-1.2.10.jar;D:\apache-maven-3.5.2\local\org\springframework\boot\spring-boot-starter\2.0.1.RELEASE\spring-boot-starter-2.0.1.RELEASE.jar;D:\apache-maven-3.5.2\local\org\springframework\boot\spring-boot\2.0.1.RELEASE\spring-boot-2.0.1.RELEASE.jar;D:\apache-maven-3.5.2\local\org\springframework\spring-context\5.0.5.RELEASE\spring-context-5.0.5.RELEASE.jar;D:\apache-maven-3.5.2\local\org\springframework\spring-aop\5.0.5.RELEASE\spring-aop-5.0.5.RELEASE.jar;D:\apache-maven-3.5.2\local\org\springframework\spring-expression\5.0.5.RELEASE\spring-expression-5.0.5.RELEASE.jar;D:\apache-maven-3.5.2\local\org\springframework\boot\spring-boot-autoconfigure\2.0.1.RELEASE\spring-boot-autoconfigure-2.0.1.RELEASE.jar;D:\apache-maven-3.5.2\local\org\springframework\boot\spring-boot-starter-logging\2.0.1.RELEASE\spring-boot-starter-logging-2.0.1.RELEASE.jar;D:\apache-maven-3.5.2\local\ch\qos\logback\logback-classic\1.2.3\logback-classic-1.2.3.jar;D:\apache-maven-3.5.2\local\ch\qos\logback\logback-core\1.2.3\logback-core-1.2.3.jar;D:\apache-maven-3.5.2\local\org\slf4j\slf4j-api\1.7.25\slf4j-api-1.7.25.jar;D:\apache-maven-3.5.2\local\org\apache\logging\log4j\log4j-to-slf4j\2.10.0\log4j-to-slf4j-2.10.0.jar;D:\apache-maven-3.5.2\local\org\apache\logging\log4j\log4j-api\2.10.0\log4j-api-2.10.0.jar;D:\apache-maven-3.5.2\local\org\slf4j\jul-to-slf4j\1.7.25\jul-to-slf4j-1.7.25.jar;D:\apache-maven-3.5.2\local\javax\annotation\javax.annotation-api\1.3.2\javax.annotation-api-1.3.2.jar;D:\apache-maven-3.5.2\local\org\yaml\snakeyaml\1.19\snakeyaml-1.19.jar;D:\apache-maven-3.5.2\local\org\mybatis\spring\boot\mybatis-spring-boot-starter\1.3.2\mybatis-spring-boot-starter-1.3.2.jar;D:\apache-maven-3.5.2\local\org\springframework\boot\spring-boot-starter-jdbc\1.5.10.RELEASE\spring-boot-starter-jdbc-1.5.10.RELEASE.jar;D:\apache-maven-3.5.2\local\org\apache\tomcat\tomcat-jdbc\8.5.27\tomcat-jdbc-8.5.27.jar;D:\apache-maven-3.5.2\local\org\apache\tomcat\tomcat-juli\8.5.27\tomcat-juli-8.5.27.jar;D:\apache-maven-3.5.2\local\org\springframework\spring-jdbc\4.3.14.RELEASE\spring-jdbc-4.3.14.RELEASE.jar;D:\apache-maven-3.5.2\local\org\springframework\spring-tx\4.3.14.RELEASE\spring-tx-4.3.14.RELEASE.jar;D:\apache-maven-3.5.2\local\org\mybatis\spring\boot\mybatis-spring-boot-autoconfigure\1.3.2\mybatis-spring-boot-autoconfigure-1.3.2.jar;D:\apache-maven-3.5.2\local\org\mybatis\mybatis\3.4.6\mybatis-3.4.6.jar;D:\apache-maven-3.5.2\local\org\mybatis\mybatis-spring\1.3.2\mybatis-spring-1.3.2.jar;D:\apache-maven-3.5.2\local\com\github\pagehelper\pagehelper-spring-boot-autoconfigure\1.2.10\pagehelper-spring-boot-autoconfigure-1.2.10.jar;"/>
    <property name="sun.cpu.endian" value="little"/>
    <property name="user.home" value="C:\Users\Administrator"/>
    <property name="user.language" value="zh"/>
    <property name="java.specification.vendor" value="Oracle Corporation"/>
    <property name="java.home" value="C:\Program Files\Java\jdk1.8.0_131\jre"/>
    <property name="basedir" value="C:\Users\Administrator\Desktop\SpringBoot+SpringCloud+Vue+Element\mango-core"/>
    <property name="file.separator" value="\"/>
    <property name="line.separator" value="&#10;"/>
    <property name="java.vm.specification.vendor" value="Oracle Corporation"/>
    <property name="java.specification.name" value="Java Platform API Specification"/>
    <property name="java.awt.graphicsenv" value="sun.awt.Win32GraphicsEnvironment"/>
    <property name="surefire.real.class.path" value="C:\Users\ADMINI~1\AppData\Local\Temp\surefire4323059154292114008\surefirebooter1971769605037081450.jar"/>
    <property name="sun.boot.class.path" value="C:\Program Files\Java\jdk1.8.0_131\jre\lib\resources.jar;C:\Program Files\Java\jdk1.8.0_131\jre\lib\rt.jar;C:\Program Files\Java\jdk1.8.0_131\jre\lib\sunrsasign.jar;C:\Program Files\Java\jdk1.8.0_131\jre\lib\jsse.jar;C:\Program Files\Java\jdk1.8.0_131\jre\lib\jce.jar;C:\Program Files\Java\jdk1.8.0_131\jre\lib\charsets.jar;C:\Program Files\Java\jdk1.8.0_131\jre\lib\jfr.jar;C:\Program Files\Java\jdk1.8.0_131\jre\classes"/>
    <property name="user.script" value=""/>
    <property name="sun.management.compiler" value="HotSpot 64-Bit Tiered Compilers"/>
    <property name="java.runtime.version" value="1.8.0_131-b11"/>
    <property name="user.name" value="Administrator"/>
    <property name="path.separator" value=";"/>
    <property name="os.version" value="6.1"/>
    <property name="java.endorsed.dirs" value="C:\Program Files\Java\jdk1.8.0_131\jre\lib\endorsed"/>
    <property name="java.runtime.name" value="Java(TM) SE Runtime Environment"/>
    <property name="file.encoding" value="GBK"/>
    <property name="java.vm.name" value="Java HotSpot(TM) 64-Bit Server VM"/>
    <property name="localRepository" value="D:\apache-maven-3.5.2\local"/>
    <property name="java.vendor.url.bug" value="http://bugreport.sun.com/bugreport/"/>
    <property name="java.io.tmpdir" value="C:\Users\ADMINI~1\AppData\Local\Temp\"/>
    <property name="idea.version" value="2018.1.2"/>
    <property name="java.version" value="1.8.0_131"/>
    <property name="user.dir" value="C:\Users\Administrator\Desktop\SpringBoot+SpringCloud+Vue+Element\mango-core"/>
    <property name="os.arch" value="amd64"/>
    <property name="java.vm.specification.name" value="Java Virtual Machine Specification"/>
    <property name="java.awt.printerjob" value="sun.awt.windows.WPrinterJob"/>
    <property name="sun.os.patch.level" value="Service Pack 1"/>
    <property name="java.library.path" value="C:\Program Files\Java\jdk1.8.0_131\jre\bin;C:\Windows\Sun\Java\bin;C:\Windows\system32;C:\Windows;D:\Xshell6\;C:\ProgramData\Oracle\Java\javapath;C:\Windows\system32;C:\Windows;C:\Windows\System32\Wbem;C:\Windows\System32\WindowsPowerShell\v1.0\;C:\Program Files\Java\jdk1.8.0_131\bin;C:\Program Files\MySQL\MySQL Utilities 1.6\;D:\Program Files\TortoiseSVN\bin;D:\apache-tomcat-8.5.38-zookeeper-\lib;D:\apache-tomcat-8.5.38-zookeeper-\bin;C:\Program Files (x86)\NVIDIA Corporation\PhysX\Common;C:\Program Files\MySQL\MySQL Server 5.6\bin;d:\Program Files\Git\cmd;C:\Windows\system32;C:\Windows;C:\Users\Administrator\AppData\Local\GitHubDesktop\bin;."/>
    <property name="java.vm.info" value="mixed mode"/>
    <property name="java.vendor" value="Oracle Corporation"/>
    <property name="java.vm.version" value="25.131-b11"/>
    <property name="java.ext.dirs" value="C:\Program Files\Java\jdk1.8.0_131\jre\lib\ext;C:\Windows\Sun\Java\lib\ext"/>
    <property name="sun.io.unicode.encoding" value="UnicodeLittle"/>
    <property name="java.class.version" value="52.0"/>
  </properties>
  <testcase name="shouldAnswerWithTrue" classname="com.louis.AppTest" time="0.002"/>
</testsuite>